Performing C SOURCE FILE Test CMAKE_HAVE_LIBC_PTHREAD failed with the following output:
Change Dir: /home/andrea/Scrivania/Thread-Pool/build/CMakeFiles/CMakeTmp

Run Build Command(s):/usr/bin/make cmTC_7372f/fast && /usr/bin/make  -f CMakeFiles/cmTC_7372f.dir/build.make CMakeFiles/cmTC_7372f.dir/build
make[1]: ingresso nella directory "/home/andrea/Scrivania/Thread-Pool/build/CMakeFiles/CMakeTmp"
Building C object CMakeFiles/cmTC_7372f.dir/src.c.o
/usr/bin/cc -DCMAKE_HAVE_LIBC_PTHREAD   -o CMakeFiles/cmTC_7372f.dir/src.c.o -c /home/andrea/Scrivania/Thread-Pool/build/CMakeFiles/CMakeTmp/src.c
Linking C executable cmTC_7372f
/snap/cmake/743/bin/cmake -E cmake_link_script CMakeFiles/cmTC_7372f.dir/link.txt --verbose=1
/usr/bin/cc -rdynamic CMakeFiles/cmTC_7372f.dir/src.c.o -o cmTC_7372f 
CMakeFiles/cmTC_7372f.dir/src.c.o: nella funzione "main":
src.c:(.text+0x3e): riferimento non definito a "pthread_create"
src.c:(.text+0x4a): riferimento non definito a "pthread_detach"
src.c:(.text+0x56): riferimento non definito a "pthread_cancel"
src.c:(.text+0x67): riferimento non definito a "pthread_join"
src.c:(.text+0x7b): riferimento non definito a "pthread_atfork"
collect2: error: ld returned 1 exit status
CMakeFiles/cmTC_7372f.dir/build.make:105: recipe for target 'cmTC_7372f' failed
make[1]: *** [cmTC_7372f] Error 1
make[1]: uscita dalla directory "/home/andrea/Scrivania/Thread-Pool/build/CMakeFiles/CMakeTmp"
Makefile:140: recipe for target 'cmTC_7372f/fast' failed
make: *** [cmTC_7372f/fast] Error 2


Source file was:
#include <pthread.h>

static void* test_func(void* data)
{
  return data;
}

int main(void)
{
  pthread_t thread;
  pthread_create(&thread, NULL, test_func, NULL);
  pthread_detach(thread);
  pthread_cancel(thread);
  pthread_join(thread, NULL);
  pthread_atfork(NULL, NULL, NULL);
  pthread_exit(NULL);

  return 0;
}

Determining if the function pthread_create exists in the pthreads failed with the following output:
Change Dir: /home/andrea/Scrivania/Thread-Pool/build/CMakeFiles/CMakeTmp

Run Build Command(s):/usr/bin/make cmTC_a9d4e/fast && /usr/bin/make  -f CMakeFiles/cmTC_a9d4e.dir/build.make CMakeFiles/cmTC_a9d4e.dir/build
make[1]: ingresso nella directory "/home/andrea/Scrivania/Thread-Pool/build/CMakeFiles/CMakeTmp"
Building C object CMakeFiles/cmTC_a9d4e.dir/CheckFunctionExists.c.o
/usr/bin/cc   -DCHECK_FUNCTION_EXISTS=pthread_create -o CMakeFiles/cmTC_a9d4e.dir/CheckFunctionExists.c.o -c /snap/cmake/743/share/cmake-3.19/Modules/CheckFunctionExists.c
Linking C executable cmTC_a9d4e
/snap/cmake/743/bin/cmake -E cmake_link_script CMakeFiles/cmTC_a9d4e.dir/link.txt --verbose=1
/usr/bin/cc  -DCHECK_FUNCTION_EXISTS=pthread_create -rdynamic CMakeFiles/cmTC_a9d4e.dir/CheckFunctionExists.c.o -o cmTC_a9d4e  -lpthreads 
/usr/bin/ld: impossibile trovare -lpthreads
collect2: error: ld returned 1 exit status
CMakeFiles/cmTC_a9d4e.dir/build.make:105: recipe for target 'cmTC_a9d4e' failed
make[1]: *** [cmTC_a9d4e] Error 1
make[1]: uscita dalla directory "/home/andrea/Scrivania/Thread-Pool/build/CMakeFiles/CMakeTmp"
Makefile:140: recipe for target 'cmTC_a9d4e/fast' failed
make: *** [cmTC_a9d4e/fast] Error 2



